cat: file_path: No such file or directory
cat: file_path: No such file or directory
cat: file_path: No such file or directory
cat: file_path: No such file or directory
cat: file_path: No such file or directory
cat: file_path: No such file or directory
cat: file_path: No such file or directory
cat: file_path: No such file or directory
cat: file_path: No such file or directory
cat: file_path: No such file or directory
cat: file_path: No such file or directory
cat: file_path: No such file or directory
cat: file_path: No such file or directory
cat: file_path: No such file or directory
cat: file_path: No such file or directory
cat: /var/www: Is a directory
wc: /var/www/favicon.ico: No such file or directory
cat: /var/www/favicon.ico: No such file or directory
wc: /var/www/favicon.ico: No such file or directory
cat: /var/www/favicon.ico: No such file or directory
wc: /var/www/favicon.ico: No such file or directory
cat: /var/www/favicon.ico: No such file or directory
wc: /var/www: Is a directory
wc: /var/www/favicon.ico: No such file or directory
cat: /var/www/favicon.ico: No such file or directory
wc: /var/www/favicon.ico: No such file or directory
cat: /var/www/favicon.ico: No such file or directory
wc: /var/www: Is a directory
wc: /var/www/favicon.ico: No such file or directory
cat: /var/www/favicon.ico: No such file or directory
wc: /var/www: Is a directory
wc: '/var/www/IN'$'\b': No such file or directory
cat: '/var/www/IN'$'\b': No such file or directory
wc: /var/www: Is a directory
wc: /var/www: Is a directory
wc: /var/www: Is a directory
wc: /var/www/favicon.ico: No such file or directory
cat: /var/www/favicon.ico: No such file or directory
wc: /var/www/favicon.ico: No such file or directory
cat: /var/www/favicon.ico: No such file or directory
wc: /var/www: Is a directory
wc: /var/www: Is a directory
wc: /var/www/favicon.ico: No such file or directory
cat: /var/www/favicon.ico: No such file or directory
wc: /var/www: Is a directory
wc: /var/www: Is a directory
wc: /var/www/index_files/super_min_c53cfdce.css: No such file or directory
cat: /var/www/index_files/super_min_c53cfdce.css: No such file or directory
wc: /var/www/index_files/swfobject_0178953.js.%E4%B8%8B%E8%BD%BD: No such file or directory
wc: /var/www/index_files/mt_min_d0e7c6d2.css: No such file or directory
wc: /var/www/index_files/nsguide_a8cbc2e7.css: No such file or directory
cat: /var/www/index_files/mt_min_d0e7c6d2.css: No such file or directory
wc: /var/www/index_files/ubase_83c8f0ba.css: No such file or directory
cat: /var/www/index_files/swfobject_0178953.js.%E4%B8%8B%E8%BD%BD: No such file or directory
cat: /var/www/index_files/nsguide_a8cbc2e7.css: No such file or directory
cat: /var/www/index_files/ubase_83c8f0ba.css: No such file or directory
wc: /var/www/index_files/super_ext_c02dfc40.css: No such file or directory
cat: /var/www/index_files/super_ext_c02dfc40.css: No such file or directory
wc: /var/www/index_files/soutu.css: No such file or directory
cat: /var/www/index_files/soutu.css: No such file or directory
wc: /var/www/index_files/jquery-1.10.2_d88366fd.js.%E4%B8%8B%E8%BD%BD: No such file or directory
cat: /var/www/index_files/jquery-1.10.2_d88366fd.js.%E4%B8%8B%E8%BD%BD: No such file or directory
wc: /var/www/index_files/min_tips_e4616384.js.%E4%B8%8B%E8%BD%BD: No such file or directory
cat: /var/www/index_files/min_tips_e4616384.js.%E4%B8%8B%E8%BD%BD: No such file or directory
wc: /var/www/index_files/all_async_search_1ae0913.js.%E4%B8%8B%E8%BD%BD: No such file or directory
wc: /var/www/index_files/activity_start_52498d2c.js.%E4%B8%8B%E8%BD%BD: No such file or directory
cat: /var/www/index_files/all_async_search_1ae0913.js.%E4%B8%8B%E8%BD%BD: No such file or directory
cat: /var/www/index_files/activity_start_52498d2c.js.%E4%B8%8B%E8%BD%BD: No such file or directory
wc: /var/www/index_files/min_super_af0391fe.js.%E4%B8%8B%E8%BD%BD: No such file or directory
wc: /var/www/index_files/sbase_f1d73ac3.js.%E4%B8%8B%E8%BD%BD: No such file or directory
wc: /var/www/index_files/copy_rignt_24.png: No such file or directory
cat: /var/www/index_files/min_super_af0391fe.js.%E4%B8%8B%E8%BD%BD: No such file or directory
cat: /var/www/index_files/sbase_f1d73ac3.js.%E4%B8%8B%E8%BD%BD: No such file or directory
cat: /var/www/index_files/copy_rignt_24.png: No such file or directory
wc: /var/www/index_files/bd_logo1_31bdc765.png: No such file or directory
cat: /var/www/index_files/bd_logo1_31bdc765.png: No such file or directory
wc: /var/www/index_files/tu_329aca4.js.%E4%B8%8B%E8%BD%BD: No such file or directory
wc: /var/www/index_files/a1.jpg: No such file or directory
cat: /var/www/index_files/tu_329aca4.js.%E4%B8%8B%E8%BD%BD: No such file or directory
wc: /var/www/index_files/a0.jpg: No such file or directory
cat: /var/www/index_files/a1.jpg: No such file or directory
cat: /var/www/index_files/a0.jpg: No such file or directory
wc: /var/www/index_files/music.png: No such file or directory
cat: /var/www/index_files/music.png: No such file or directory
wc: /var/www/index_files/image.png: No such file or directory
cat: /var/www/index_files/image.pngwc: /var/www/index_files/wenku.png: No such file or directory
: No such file or directory
wc: /var/www/index_files/zhidao.png: No such file or directory
cat: /var/www/index_files/zhidao.png: No such file or directory
cat: /var/www/index_files/wenku.png: No such file or directory
wc: /var/www/index_files/bang.png: No such file or directory
cat: /var/www/index_files/bang.png: No such file or directory
wc: /var/www/index_files/tuiguang.png: No such file or directory
wc: /var/www/index_files/logo_top_ca79a146.pngcat: /var/www/index_files/tuiguang.png: No such file or directory
: No such file or directory
cat: /var/www/index_files/logo_top_ca79a146.png: No such file or directory
wc: /var/www/favicon.ico: No such file or directory
cat: /var/www/favicon.ico: No such file or directory
wc: '/var/www/home/page/data/pageserver?errno=2015&msg=cdn_failed': No such file or directory
cat: '/var/www/home/page/data/pageserver?errno=2015&msg=cdn_failed': No such file or directory
wc: /var/www/index_files/mt_min_d0e7c6d2.css: No such file or directory
wc: /var/www/index_files/super_ext_c02dfc40.css: No such file or directory
cat: /var/www/index_files/mt_min_d0e7c6d2.css: No such file or directory
wc: /var/www/index_files/super_min_c53cfdce.css: No such file or directory
wc: /var/www/index_files/nsguide_a8cbc2e7.css: No such file or directory
cat: /var/www/index_files/super_ext_c02dfc40.csscat: /var/www/index_files/super_min_c53cfdce.css: No such file or directory
: No such file or directory
wc: /var/www/index_files/ubase_83c8f0ba.css: No such file or directory
cat: /var/www/index_files/nsguide_a8cbc2e7.css: No such file or directory
cat: /var/www/index_files/ubase_83c8f0ba.css: No such file or directory
wc: /var/www/index_files/swfobject_0178953.js.%E4%B8%8B%E8%BD%BD: No such file or directory
cat: /var/www/index_files/swfobject_0178953.js.%E4%B8%8B%E8%BD%BD: No such file or directory
wc: /var/www/index_files/tu_329aca4.js.%E4%B8%8B%E8%BD%BD: No such file or directory
wc: /var/www/index_files/a1.jpg: No such file or directory
cat: /var/www/index_files/tu_329aca4.js.%E4%B8%8B%E8%BD%BD: No such file or directory
cat: /var/www/index_files/a1.jpg: No such file or directory
wc: /var/www/index_files/a0.jpg: No such file or directory
wc: /var/www/index_files/soutu.css: No such file or directory
cat: /var/www/index_files/a0.jpg: No such file or directory
cat: /var/www/index_files/soutu.css: No such file or directory
wc: /var/www/index_files/music.png: No such file or directory
cat: /var/www/index_files/music.png: No such file or directory
wc: /var/www/index_files/image.png: No such file or directory
cat: /var/www/index_files/image.png: No such file or directory
wc: /var/www/index_files/jquery-1.10.2_d88366fd.js.%E4%B8%8B%E8%BD%BD: No such file or directory
cat: /var/www/index_files/jquery-1.10.2_d88366fd.js.%E4%B8%8B%E8%BD%BD: No such file or directory
wc: /var/www/index_files/all_async_search_1ae0913.js.%E4%B8%8B%E8%BD%BD: No such file or directory
wc: /var/www/index_files/sbase_f1d73ac3.js.%E4%B8%8B%E8%BD%BD: No such file or directory
cat: /var/www/index_files/all_async_search_1ae0913.js.%E4%B8%8B%E8%BD%BD: No such file or directory
wc: /var/www/index_files/min_super_af0391fe.js.%E4%B8%8B%E8%BD%BD: No such file or directory
cat: /var/www/index_files/sbase_f1d73ac3.js.%E4%B8%8B%E8%BD%BD: No such file or directory
cat: /var/www/index_files/min_super_af0391fe.js.%E4%B8%8B%E8%BD%BD: No such file or directory
wc: /var/www/index_files/min_tips_e4616384.js.%E4%B8%8B%E8%BD%BD: No such file or directory
cat: /var/www/index_files/min_tips_e4616384.js.%E4%B8%8B%E8%BD%BD: No such file or directory
wc: /var/www/index_files/activity_start_52498d2c.js.%E4%B8%8B%E8%BD%BD: No such file or directory
cat: /var/www/index_files/activity_start_52498d2c.js.%E4%B8%8B%E8%BD%BD: No such file or directory
wc: /var/www/index_files/zhidao.png: No such file or directory
wc: /var/www/index_files/wenku.png: No such file or directory
cat: /var/www/index_files/wenku.png: No such file or directory
cat: /var/www/index_files/zhidao.png: No such file or directory
wc: /var/www/index_files/bang.png: No such file or directory
wc: /var/www/index_files/tuiguang.png: No such file or directory
cat: /var/www/index_files/bang.png: No such file or directory
cat: /var/www/index_files/tuiguang.png: No such file or directory
wc: /var/www/index_files/bd_logo1_31bdc765.png: No such file or directory
wc: /var/www/index_files/logo_top_ca79a146.png: No such file or directory
wc: /var/www/index_files/copy_rignt_24.png: No such file or directory
cat: /var/www/index_files/bd_logo1_31bdc765.png: No such file or directory
cat: /var/www/index_files/copy_rignt_24.png: No such file or directory
cat: /var/www/index_files/logo_top_ca79a146.png: No such file or directory
wc: /var/www/favicon.ico: No such file or directory
cat: /var/www/favicon.ico: No such file or directory
wc: '/var/www/home/page/data/pageserver?errno=2015&msg=cdn_failed': No such file or directory
cat: '/var/www/home/page/data/pageserver?errno=2015&msg=cdn_failed': No such file or directory
wc: /var/www/favicon.ico: No such file or directory
cat: /var/www/favicon.ico: No such file or directory
